<?xml version="1.0" encoding="UTF-8"?>
<!-- Generated by org.testng.reporters.JUnitReportReporter -->
<testsuite hostname="LAP-TZ-0X79669" failures="0" tests="1" name="com.project.automationDemoProject.TC_04_PUTRequestTest" time="0.495" errors="0" timestamp="2023-02-08T17:00:28 IST" skipped="0">
  <testcase classname="com.project.automationDemoProject.TC_04_PUTRequestTest" name="putRequestTest" time="0.495"/>
  <system-out/>
</testsuite> <!-- com.project.automationDemoProject.TC_04_PUTRequestTest -->
