<?xml version="1.0" encoding="UTF-8"?>
<!-- Generated by org.testng.reporters.JUnitReportReporter -->
<testsuite hostname="LAP-TZ-0X79669" failures="0" tests="1" name="com.project.automationDemoProject.TC_03_POSTRequestTest" time="0.499" errors="0" timestamp="2023-02-08T17:00:28 IST" skipped="0">
  <testcase classname="com.project.automationDemoProject.TC_03_POSTRequestTest" name="postRequestTest" time="0.499"/>
  <system-out/>
</testsuite> <!-- com.project.automationDemoProject.TC_03_POSTRequestTest -->
