<?xml version="1.0" encoding="UTF-8"?>
<!-- Generated by org.testng.reporters.JUnitReportReporter -->
<testsuite hostname="LAP-TZ-0X79669" failures="0" tests="1" name="com.project.automationDemoProject.TC_02_GetRequestTest" time="5.438" errors="0" timestamp="2023-02-08T17:00:28 IST" skipped="0">
  <testcase classname="com.project.automationDemoProject.TC_02_GetRequestTest" name="GetRequestTest" time="5.438"/>
  <system-out/>
</testsuite> <!-- com.project.automationDemoProject.TC_02_GetRequestTest -->
