<?xml version="1.0" encoding="UTF-8"?>
<!-- Generated by org.testng.reporters.JUnitReportReporter -->
<testsuite hostname="LAP-TZ-0X79669" failures="0" tests="1" name="com.project.automationDemoProject.TestDemo" time="17.928" errors="0" timestamp="2023-02-08T12:04:50 IST" skipped="0">
  <testcase classname="com.project.automationDemoProject.TestDemo" name="test" time="17.928"/>
  <system-out/>
</testsuite> <!-- com.project.automationDemoProject.TestDemo -->
