<?xml version="1.0" encoding="UTF-8"?>
<!-- Generated by org.testng.reporters.JUnitReportReporter -->
<testsuite hostname="LAP-TZ-0X79669" failures="0" tests="1" name="com.project.automationDemoProject.TestDemo" time="64.217" errors="0" timestamp="7 Feb 2023 14:22:52 GMT">
  <testcase classname="com.project.automationDemoProject.TestDemo" name="test" time="64.217"/>
</testsuite> <!-- com.project.automationDemoProject.TestDemo -->
